2023-12-21 17:57:47 info: tempDirectory:c:\Users\VKG\.vscode\extensions\embold-vscode.embold-0.1.6\temp
2023-12-21 17:57:47 info: Congratulations, your extension "Embold" is now active!
2023-12-21 17:57:47 info: Current Version Of Embold
2023-12-21 17:57:47 info: 0.1.6
2023-12-21 17:57:47 info: Extraction complete for source: c:\Users\VKG\.vscode\extensions\embold-vscode.embold-0.1.6\resources\embold-scanner-archive.zip, destination: c:\Users\VKG\.vscode\extensions\embold-vscode.embold-0.1.6\temp
2023-12-21 17:57:50 info: Embold extension version response:
2023-12-21 17:57:50 info: {"hasSupport":false,"version":"0.1.6","changeNotes":"<div> <p>Release Date: 09 Oct, 2023 <br><span>Bug fixes and improvements.</span></p> </div>"}
2023-12-21 17:57:50 info: current version : 
2023-12-21 17:57:50 info: latest version : 
2023-12-21 19:56:38 error: SQLITE_ERROR: no such table: issues
2023-12-21 22:43:31 error: SQLITE_ERROR: no such table: issues
2023-12-21 22:49:28 info: tempDirectory:c:\Users\VKG\.vscode\extensions\embold-vscode.embold-0.1.6\temp
2023-12-21 22:49:28 info: Congratulations, your extension "Embold" is now active!
2023-12-21 22:49:28 info: Current Version Of Embold
2023-12-21 22:49:28 info: 0.1.6
2023-12-21 22:49:28 info: Extraction complete for source: c:\Users\VKG\.vscode\extensions\embold-vscode.embold-0.1.6\resources\embold-scanner-archive.zip, destination: c:\Users\VKG\.vscode\extensions\embold-vscode.embold-0.1.6\temp
2023-12-21 22:49:29 info: Embold extension version response:
2023-12-21 22:49:29 info: {"hasSupport":false,"version":"0.1.6","changeNotes":"<div> <p>Release Date: 09 Oct, 2023 <br><span>Bug fixes and improvements.</span></p> </div>"}
2023-12-21 22:49:29 info: current version : 
2023-12-21 22:49:29 info: latest version : 
2023-12-21 22:52:07 error: SQLITE_ERROR: no such table: issues
2023-12-21 22:52:14 error: SQLITE_ERROR: no such table: issues
2023-12-21 23:04:20 error: SQLITE_ERROR: no such table: issues
2023-12-21 23:05:18 error: SQLITE_ERROR: no such table: issues
2023-12-22 02:11:54 error: SQLITE_ERROR: no such table: issues
2023-12-22 03:13:36 error: SQLITE_ERROR: no such table: issues
2023-12-22 04:15:18 error: SQLITE_ERROR: no such table: issues
2023-12-22 17:24:50 info: tempDirectory:c:\Users\VKG\.vscode\extensions\embold-vscode.embold-0.1.6\temp
2023-12-22 17:24:50 info: Congratulations, your extension "Embold" is now active!
2023-12-22 17:24:50 info: Current Version Of Embold
2023-12-22 17:24:50 info: 0.1.6
2023-12-22 17:24:50 info: Extraction complete for source: c:\Users\VKG\.vscode\extensions\embold-vscode.embold-0.1.6\resources\embold-scanner-archive.zip, destination: c:\Users\VKG\.vscode\extensions\embold-vscode.embold-0.1.6\temp
2023-12-22 17:24:53 info: Embold extension version response:
2023-12-22 17:24:53 info: {"hasSupport":false,"version":"0.1.6","changeNotes":"<div> <p>Release Date: 09 Oct, 2023 <br><span>Bug fixes and improvements.</span></p> </div>"}
2023-12-22 17:24:53 info: current version : 
2023-12-22 17:24:53 info: latest version : 
2023-12-22 17:29:18 error: SQLITE_ERROR: no such table: issues
2023-12-22 18:31:15 error: SQLITE_ERROR: no such table: issues
2023-12-22 19:18:30 info: tempDirectory:c:\Users\VKG\.vscode\extensions\embold-vscode.embold-0.1.6\temp
2023-12-22 19:18:30 info: Congratulations, your extension "Embold" is now active!
2023-12-22 19:18:30 info: Current Version Of Embold
2023-12-22 19:18:30 info: 0.1.6
2023-12-22 19:18:30 info: Extraction complete for source: c:\Users\VKG\.vscode\extensions\embold-vscode.embold-0.1.6\resources\embold-scanner-archive.zip, destination: c:\Users\VKG\.vscode\extensions\embold-vscode.embold-0.1.6\temp
2023-12-22 19:18:31 info: Embold extension version response:
2023-12-22 19:18:31 info: {"hasSupport":false,"version":"0.1.6","changeNotes":"<div> <p>Release Date: 09 Oct, 2023 <br><span>Bug fixes and improvements.</span></p> </div>"}
2023-12-22 19:18:31 info: current version : 
2023-12-22 19:18:31 info: latest version : 
2023-12-22 19:32:53 info: tempDirectory:c:\Users\VKG\.vscode\extensions\embold-vscode.embold-0.1.6\temp
2023-12-22 19:32:53 info: Congratulations, your extension "Embold" is now active!
2023-12-22 19:32:53 info: Current Version Of Embold
2023-12-22 19:32:53 info: 0.1.6
2023-12-22 19:32:53 info: Extraction complete for source: c:\Users\VKG\.vscode\extensions\embold-vscode.embold-0.1.6\resources\embold-scanner-archive.zip, destination: c:\Users\VKG\.vscode\extensions\embold-vscode.embold-0.1.6\temp
2023-12-22 19:32:54 info: Embold extension version response:
2023-12-22 19:32:54 info: {"hasSupport":false,"version":"0.1.6","changeNotes":"<div> <p>Release Date: 09 Oct, 2023 <br><span>Bug fixes and improvements.</span></p> </div>"}
2023-12-22 19:32:54 info: current version : 
2023-12-22 19:32:54 info: latest version : 
2023-12-22 19:33:12 error: SQLITE_ERROR: no such table: issues
2023-12-22 19:55:36 info: tempDirectory:c:\Users\VKG\.vscode\extensions\embold-vscode.embold-0.1.6\temp
2023-12-22 19:55:36 info: Congratulations, your extension "Embold" is now active!
2023-12-22 19:55:36 info: Current Version Of Embold
2023-12-22 19:55:36 info: 0.1.6
2023-12-22 19:55:36 info: Extraction complete for source: c:\Users\VKG\.vscode\extensions\embold-vscode.embold-0.1.6\resources\embold-scanner-archive.zip, destination: c:\Users\VKG\.vscode\extensions\embold-vscode.embold-0.1.6\temp
2023-12-22 19:55:38 info: Embold extension version response:
2023-12-22 19:55:38 info: {"hasSupport":false,"version":"0.1.6","changeNotes":"<div> <p>Release Date: 09 Oct, 2023 <br><span>Bug fixes and improvements.</span></p> </div>"}
2023-12-22 19:55:38 info: current version : 
2023-12-22 19:55:38 info: latest version : 
2023-12-22 20:04:09 error: SQLITE_ERROR: no such table: issues
2023-12-22 20:08:37 error: SQLITE_ERROR: no such table: issues
2023-12-22 20:12:12 error: SQLITE_ERROR: no such table: issues
2023-12-22 20:15:38 error: SQLITE_ERROR: no such table: issues
2023-12-22 20:18:21 error: SQLITE_ERROR: no such table: issues
2023-12-22 20:24:49 error: SQLITE_ERROR: no such table: issues
2023-12-22 20:25:02 error: SQLITE_ERROR: no such table: issues
2023-12-22 20:26:55 error: SQLITE_ERROR: no such table: issues
2023-12-22 20:28:56 error: SQLITE_ERROR: no such table: issues
2023-12-22 20:29:02 error: SQLITE_ERROR: no such table: issues
2023-12-22 20:55:42 error: SQLITE_ERROR: no such table: issues
2023-12-22 22:58:39 info: tempDirectory:c:\Users\VKG\.vscode\extensions\embold-vscode.embold-0.1.6\temp
2023-12-22 22:58:39 info: Congratulations, your extension "Embold" is now active!
2023-12-22 22:58:39 info: Current Version Of Embold
2023-12-22 22:58:39 info: 0.1.6
2023-12-22 22:58:39 info: Extraction complete for source: c:\Users\VKG\.vscode\extensions\embold-vscode.embold-0.1.6\resources\embold-scanner-archive.zip, destination: c:\Users\VKG\.vscode\extensions\embold-vscode.embold-0.1.6\temp
2023-12-22 22:58:41 info: Embold extension version response:
2023-12-22 22:58:41 info: {"hasSupport":false,"version":"0.1.6","changeNotes":"<div> <p>Release Date: 09 Oct, 2023 <br><span>Bug fixes and improvements.</span></p> </div>"}
2023-12-22 22:58:41 info: current version : 
2023-12-22 22:58:41 info: latest version : 
2023-12-22 23:23:31 error: SQLITE_ERROR: no such table: issues
2023-12-22 23:56:39 error: SQLITE_ERROR: no such table: issues
2023-12-23 00:29:48 error: SQLITE_ERROR: no such table: issues
2023-12-23 18:39:30 info: tempDirectory:c:\Users\VKG\.vscode\extensions\embold-vscode.embold-0.1.6\temp
2023-12-23 18:39:30 info: Congratulations, your extension "Embold" is now active!
2023-12-23 18:39:30 info: Current Version Of Embold
2023-12-23 18:39:30 info: 0.1.6
2023-12-23 18:39:30 info: Extraction complete for source: c:\Users\VKG\.vscode\extensions\embold-vscode.embold-0.1.6\resources\embold-scanner-archive.zip, destination: c:\Users\VKG\.vscode\extensions\embold-vscode.embold-0.1.6\temp
2023-12-23 18:39:32 info: Embold extension version response:
2023-12-23 18:39:32 info: {"hasSupport":false,"version":"0.1.6","changeNotes":"<div> <p>Release Date: 09 Oct, 2023 <br><span>Bug fixes and improvements.</span></p> </div>"}
2023-12-23 18:39:32 info: current version : 
2023-12-23 18:39:32 info: latest version : 
2023-12-23 19:12:02 error: SQLITE_ERROR: no such table: issues
2023-12-24 07:36:23 info: tempDirectory:c:\Users\VKG\.vscode\extensions\embold-vscode.embold-0.1.6\temp
2023-12-24 07:36:23 info: Congratulations, your extension "Embold" is now active!
2023-12-24 07:36:23 info: Current Version Of Embold
2023-12-24 07:36:23 info: 0.1.6
2023-12-24 07:36:23 info: Extraction complete for source: c:\Users\VKG\.vscode\extensions\embold-vscode.embold-0.1.6\resources\embold-scanner-archive.zip, destination: c:\Users\VKG\.vscode\extensions\embold-vscode.embold-0.1.6\temp
2023-12-24 07:36:25 info: Embold extension version response:
2023-12-24 07:36:25 info: {"hasSupport":false,"version":"0.1.6","changeNotes":"<div> <p>Release Date: 09 Oct, 2023 <br><span>Bug fixes and improvements.</span></p> </div>"}
2023-12-24 07:36:25 info: current version : 
2023-12-24 07:36:25 info: latest version : 
2023-12-24 08:14:58 error: SQLITE_ERROR: no such table: issues
2023-12-24 08:47:38 error: SQLITE_ERROR: no such table: issues
2023-12-24 09:20:17 error: SQLITE_ERROR: no such table: issues
2023-12-24 09:52:57 error: SQLITE_ERROR: no such table: issues
2023-12-24 10:25:35 error: SQLITE_ERROR: no such table: issues
2023-12-24 11:30:53 error: SQLITE_ERROR: no such table: issues
2023-12-24 12:03:32 error: SQLITE_ERROR: no such table: issues
2023-12-24 12:36:11 error: SQLITE_ERROR: no such table: issues
2023-12-24 14:46:47 error: SQLITE_ERROR: no such table: issues
2023-12-24 15:19:26 error: SQLITE_ERROR: no such table: issues
2023-12-24 16:24:44 error: SQLITE_ERROR: no such table: issues
2023-12-24 17:30:02 error: SQLITE_ERROR: no such table: issues
2023-12-26 16:15:53 info: tempDirectory:c:\Users\VKG\.vscode\extensions\embold-vscode.embold-0.1.6\temp
2023-12-26 16:15:53 info: Congratulations, your extension "Embold" is now active!
2023-12-26 16:15:53 info: Current Version Of Embold
2023-12-26 16:15:53 info: 0.1.6
2023-12-26 16:15:53 info: Extraction complete for source: c:\Users\VKG\.vscode\extensions\embold-vscode.embold-0.1.6\resources\embold-scanner-archive.zip, destination: c:\Users\VKG\.vscode\extensions\embold-vscode.embold-0.1.6\temp
2023-12-26 16:15:55 info: Embold extension version response:
2023-12-26 16:15:55 info: {"hasSupport":false,"version":"0.1.6","changeNotes":"<div> <p>Release Date: 09 Oct, 2023 <br><span>Bug fixes and improvements.</span></p> </div>"}
2023-12-26 16:15:55 info: current version : 
2023-12-26 16:15:55 info: latest version : 
2023-12-26 16:36:36 error: SQLITE_ERROR: no such table: issues
2023-12-26 16:36:38 error: SQLITE_ERROR: no such table: issues
2023-12-26 16:36:38 error: SQLITE_ERROR: no such table: issues
2023-12-26 16:36:38 error: SQLITE_ERROR: no such table: issues
2023-12-26 16:36:38 error: SQLITE_ERROR: no such table: issues
2023-12-26 16:51:44 error: SQLITE_ERROR: no such table: issues
2023-12-26 16:55:28 error: SQLITE_ERROR: no such table: issues
2023-12-26 16:55:30 error: SQLITE_ERROR: no such table: issues
2023-12-26 16:55:32 error: SQLITE_ERROR: no such table: issues
2023-12-26 16:55:35 error: SQLITE_ERROR: no such table: issues
2023-12-26 16:56:53 error: SQLITE_ERROR: no such table: issues
2023-12-26 17:15:29 error: SQLITE_ERROR: no such table: issues
2023-12-26 17:15:42 error: SQLITE_ERROR: no such table: issues
2023-12-26 17:15:49 error: SQLITE_ERROR: no such table: issues
2023-12-26 17:17:55 error: SQLITE_ERROR: no such table: issues
2023-12-26 17:18:54 error: SQLITE_ERROR: no such table: issues
2023-12-26 17:19:03 error: SQLITE_ERROR: no such table: issues
2023-12-26 17:19:03 error: SQLITE_ERROR: no such table: issues
2023-12-26 17:20:59 error: SQLITE_ERROR: no such table: issues
2023-12-26 17:23:59 error: SQLITE_ERROR: no such table: issues
2023-12-26 17:24:27 error: SQLITE_ERROR: no such table: issues
2023-12-26 17:24:27 error: SQLITE_ERROR: no such table: issues
2023-12-26 17:25:05 error: SQLITE_ERROR: no such table: issues
2023-12-26 17:25:08 error: SQLITE_ERROR: no such table: issues
2023-12-26 17:25:12 error: SQLITE_ERROR: no such table: issues
2023-12-26 17:25:12 error: SQLITE_ERROR: no such table: issues
2023-12-26 17:25:12 error: SQLITE_ERROR: no such table: issues
2023-12-26 17:25:12 error: SQLITE_ERROR: no such table: issues
2023-12-26 17:25:12 error: SQLITE_ERROR: no such table: issues
2023-12-26 17:25:12 error: SQLITE_ERROR: no such table: issues
2023-12-26 17:25:12 error: SQLITE_ERROR: no such table: issues
2023-12-26 17:25:12 error: SQLITE_ERROR: no such table: issues
2023-12-26 17:25:12 error: SQLITE_ERROR: no such table: issues
2023-12-26 17:25:12 error: SQLITE_ERROR: no such table: issues
2023-12-26 17:25:12 error: SQLITE_ERROR: no such table: issues
2023-12-26 17:25:12 error: SQLITE_ERROR: no such table: issues
2023-12-26 17:25:12 error: SQLITE_ERROR: no such table: issues
2023-12-26 17:25:17 error: SQLITE_ERROR: no such table: issues
2023-12-26 17:25:22 error: SQLITE_ERROR: no such table: issues
2023-12-26 17:25:27 error: SQLITE_ERROR: no such table: issues
2023-12-26 17:33:39 error: SQLITE_ERROR: no such table: issues
2023-12-26 17:33:39 error: SQLITE_ERROR: no such table: issues
2023-12-26 17:33:39 error: SQLITE_ERROR: no such table: issues
2023-12-26 17:33:39 error: SQLITE_ERROR: no such table: issues
2023-12-26 17:33:39 error: SQLITE_ERROR: no such table: issues
2023-12-26 17:33:39 error: SQLITE_ERROR: no such table: issues
2023-12-26 17:33:39 error: SQLITE_ERROR: no such table: issues
2023-12-26 17:33:39 error: SQLITE_ERROR: no such table: issues
2023-12-26 17:33:39 error: SQLITE_ERROR: no such table: issues
2023-12-26 17:33:39 error: SQLITE_ERROR: no such table: issues
2023-12-26 17:33:39 error: SQLITE_ERROR: no such table: issues
2023-12-26 17:33:39 error: SQLITE_ERROR: no such table: issues
